TN:
SF:C:\Users\User1\Documents\GitHub\DonateForCause/src/Akshayapatra-app/Akshayapatra-app.js
FN:33,(anonymous_0)
FN:118,(anonymous_1)
FN:141,(anonymous_2)
FN:146,(anonymous_3)
FN:147,(anonymous_4)
FN:151,(anonymous_5)
FN:152,(anonymous_6)
FN:159,(anonymous_7)
FN:163,(anonymous_8)
FN:167,(anonymous_9)
FN:176,(anonymous_10)
FN:194,(anonymous_11)
FNF:12
FNH:0
FNDA:0,(anonymous_0)
FNDA:0,(anonymous_1)
FNDA:0,(anonymous_2)
FNDA:0,(anonymous_3)
FNDA:0,(anonymous_4)
FNDA:0,(anonymous_5)
FNDA:0,(anonymous_6)
FNDA:0,(anonymous_7)
FNDA:0,(anonymous_8)
FNDA:0,(anonymous_9)
FNDA:0,(anonymous_10)
FNDA:0,(anonymous_11)
DA:24,1
DA:27,1
DA:34,0
DA:119,0
DA:142,0
DA:147,0
DA:148,0
DA:152,0
DA:153,0
DA:160,0
DA:161,0
DA:164,0
DA:165,0
DA:168,0
DA:169,0
DA:179,0
DA:180,0
DA:181,0
DA:182,0
DA:184,0
DA:196,0
DA:198,0
DA:199,0
DA:201,0
DA:202,0
DA:204,0
DA:205,0
DA:207,0
DA:208,0
DA:215,0
LF:30
LH:2
BRDA:179,0,0,0
BRDA:179,0,1,0
BRDA:181,1,0,0
BRDA:181,1,1,0
BRDA:196,2,0,0
BRDA:196,2,1,0
BRDA:196,2,2,0
BRDA:196,2,3,0
BRF:8
BRH:0
end_of_record
TN:
SF:C:\Users\User1\Documents\GitHub\DonateForCause/src/Akshayapatra-app/admin-page.js
FN:16,(anonymous_0)
FN:117,(anonymous_1)
FN:139,(anonymous_2)
FN:146,(anonymous_3)
FN:151,(anonymous_4)
FN:160,(anonymous_5)
FN:164,(anonymous_6)
FN:172,(anonymous_7)
FN:192,(anonymous_8)
FNF:9
FNH:6
FNDA:1,(anonymous_0)
FNDA:1,(anonymous_1)
FNDA:6,(anonymous_2)
FNDA:6,(anonymous_3)
FNDA:0,(anonymous_4)
FNDA:0,(anonymous_5)
FNDA:0,(anonymous_6)
FNDA:5,(anonymous_7)
FNDA:6,(anonymous_8)
DA:17,1
DA:118,1
DA:140,6
DA:141,6
DA:142,6
DA:147,6
DA:148,6
DA:152,0
DA:153,0
DA:154,0
DA:156,0
DA:157,0
DA:161,0
DA:165,0
DA:166,0
DA:173,5
DA:175,5
DA:176,5
DA:177,5
DA:179,0
DA:180,0
DA:182,0
DA:193,6
DA:194,6
DA:195,6
DA:196,6
DA:197,6
DA:203,1
LF:28
LH:17
BRDA:141,0,0,6
BRDA:141,0,1,0
BRDA:173,1,0,5
BRDA:173,1,1,0
BRDA:196,2,0,0
BRDA:196,2,1,6
BRF:6
BRH:3
end_of_record
TN:
SF:C:\Users\User1\Documents\GitHub\DonateForCause/src/Akshayapatra-app/donation-option.js
FN:23,(anonymous_0)
FN:95,(anonymous_1)
FN:112,(anonymous_2)
FN:117,(anonymous_3)
FN:121,(anonymous_4)
FN:126,(anonymous_5)
FN:129,(anonymous_6)
FN:133,(anonymous_7)
FN:137,(anonymous_8)
FN:148,(anonymous_9)
FN:157,(anonymous_10)
FNF:11
FNH:3
FNDA:1,(anonymous_0)
FNDA:1,(anonymous_1)
FNDA:0,(anonymous_2)
FNDA:0,(anonymous_3)
FNDA:0,(anonymous_4)
FNDA:0,(anonymous_5)
FNDA:0,(anonymous_6)
FNDA:1,(anonymous_7)
FNDA:0,(anonymous_8)
FNDA:0,(anonymous_9)
FNDA:0,(anonymous_10)
DA:24,1
DA:96,1
DA:113,0
DA:114,0
DA:127,0
DA:130,0
DA:131,0
DA:134,1
DA:135,1
DA:138,0
DA:139,0
DA:140,0
DA:142,0
DA:145,0
DA:149,0
DA:151,0
DA:153,0
DA:158,0
DA:159,0
DA:160,0
DA:161,0
DA:162,0
DA:166,1
LF:23
LH:5
BRDA:140,0,0,0
BRDA:140,0,1,0
BRDA:149,1,0,0
BRDA:161,2,0,0
BRDA:161,2,1,0
BRF:5
BRH:0
end_of_record
