TN:
SF:C:\Users\User1\Documents\GitHub\DonateForCause/src/Akshayapatra-app/login-page.js
FN:13,(anonymous_0)
FN:63,(anonymous_1)
FN:73,(anonymous_2)
FN:87,(anonymous_3)
FN:92,(anonymous_4)
FN:101,(anonymous_5)
FNF:6
FNH:3
FNDA:2,(anonymous_0)
FNDA:2,(anonymous_1)
FNDA:2,(anonymous_2)
FNDA:0,(anonymous_3)
FNDA:0,(anonymous_4)
FNDA:0,(anonymous_5)
DA:14,2
DA:64,2
DA:75,2
DA:76,0
DA:77,0
DA:78,0
DA:79,0
DA:80,0
DA:93,0
DA:94,0
DA:95,0
DA:96,0
DA:97,0
DA:98,0
DA:102,0
DA:103,0
DA:104,0
DA:105,0
DA:106,0
DA:111,2
LF:20
LH:4
BRDA:75,0,0,0
BRDA:75,0,1,2
BRDA:105,1,0,0
BRDA:105,1,1,0
BRF:4
BRH:1
end_of_record
